[debug] > Exec(early(addDefaultCommands), None, None)
[debug] > Exec(addDefaultCommands, None, None)
[debug] > Exec(early(initialize), None, None)
[debug] > Exec(initialize, None, None)
[debug] > Exec(boot, None, None)
[debug] > Exec(writeSbtVersion, None, None)
[debug] > Exec(reload, None, None)
[debug] > Exec(sbtStashOnFailure, None, None)
[debug] > Exec(onFailure loadFailed, None, None)
[debug] > Exec(loadp, None, None)
[info] welcome to sbt 1.9.7 (Eclipse Adoptium Java 21.0.9)
[debug] Load.defaultLoad until apply took 120.2451ms
[debug]           Load.loadUnit: plugins took 74.4802ms
[debug]           Load.loadUnit: defsScala took 0.3763ms
[debug] [Loading] Scanning directory C:\Users\1\Desktop\ByhanovMS11\lab-06\lab-06-04\project
[debug] [Loading] Found non-root projects 
[debug] [Loading] Done in C:\Users\1\Desktop\ByhanovMS11\lab-06\lab-06-04\project, returning: ()
[debug] deducing auto plugins based on known facts Set(Atom(sbt.plugins.CorePlugin)) and clauses Clauses(Clause(Atom(sbt.plugins.JvmPlugin),Set(Atom(sbt.plugins.IvyPlugin)))
[debug] Clause(Atom(sbt.ScriptedPlugin),Set(Atom(sbt.plugins.JvmPlugin)))
[debug] Clause(Atom(sbt.plugins.SbtPlugin),Set(Atom(sbt.ScriptedPlugin)))
[debug] Clause(Atom(sbt.plugins.SemanticdbPlugin),Set(Atom(sbt.plugins.JvmPlugin)))
[debug] Clause(Atom(sbt.plugins.JUnitXmlReportPlugin),Set(Atom(sbt.plugins.JvmPlugin)))
[debug] Clause(Atom(sbt.plugins.MiniDependencyTreePlugin),Set(Atom(sbt.plugins.JvmPlugin)))
[debug] Clause(Atom(sbt.plugins.CorePlugin),Set(Atom(sbt.plugins.IvyPlugin)))
[debug] Clause(Atom(sbt.plugins.IvyPlugin),Set(Atom(sbt.plugins.JvmPlugin)))
[debug] Clause(Atom(sbt.plugins.JvmPlugin),Set(Atom(sbt.plugins.SemanticdbPlugin)))
[debug] Clause(Atom(sbt.plugins.JvmPlugin),Set(Atom(sbt.plugins.JUnitXmlReportPlugin)))
[debug] Clause(Atom(sbt.plugins.CorePlugin),Set(Atom(sbt.plugins.Giter8TemplatePlugin)))
[debug] Clause(Atom(sbt.plugins.JvmPlugin),Set(Atom(sbt.plugins.MiniDependencyTreePlugin))))
[debug]   :: deduced result: Matched(sbt.plugins.CorePlugin,sbt.plugins.Giter8TemplatePlugin,sbt.plugins.IvyPlugin,sbt.plugins.JvmPlugin,sbt.plugins.MiniDependencyTreePlugin,sbt.plugins.JUnitXmlReportPlugin,sbt.plugins.SemanticdbPlugin)
[debug] Plugins.deducer#function took 11.8628 ms
[debug]               Load.resolveProject(lab-06-04-build) took 21.5616ms
[debug]             Load.loadTransitive: finalizeProject(Project(id lab-06-04-build, base: C:\Users\1\Desktop\ByhanovMS11\lab-06\lab-06-04\project, plugins: List(<none>))) took 46.6033ms
[debug] [Loading] Done in C:\Users\1\Desktop\ByhanovMS11\lab-06\lab-06-04\project, returning: (lab-06-04-build)
[debug]           Load.loadUnit: loadedProjectsRaw took 59.7628ms
[debug]           Load.loadUnit: cleanEvalClasses took 0.0745ms
[debug]         Load.loadUnit(file:/C:/Users/1/Desktop/ByhanovMS11/lab-06/lab-06-04/project/, ...) took 139.7073ms
[debug]       Load.apply: load took 207.9894ms
[debug]       Load.apply: resolveProjects took 2.2634ms
[debug]       Load.apply: finalTransforms took 24.8453ms
[debug]       Load.apply: config.delegates took 5.208ms
[debug]       Load.apply: Def.make(settings)... took 239.1394ms
[debug]       Load.apply: structureIndex took 61.1811ms
[debug]       Load.apply: mkStreams took 1.8297ms
[info] loading project definition from C:\Users\1\Desktop\ByhanovMS11\lab-06\lab-06-04\project
[debug] Running task... Cancel: Signal, check cycles: false, forcegc: true
[debug]     Load.loadUnit: plugins took 1475.5913ms
[debug]     Load.loadUnit: defsScala took 0.0013ms
[debug] [Loading] Scanning directory C:\Users\1\Desktop\ByhanovMS11\lab-06\lab-06-04
[debug]       Load.loadUnit: mkEval took 2.3076ms
[debug] [Loading] Found non-root projects 
[debug] [Loading] Done in C:\Users\1\Desktop\ByhanovMS11\lab-06\lab-06-04, returning: ()
[debug] deducing auto plugins based on known facts Set(Atom(sbt.plugins.CorePlugin)) and clauses Clauses(Clause(Atom(sbt.plugins.JvmPlugin),Set(Atom(sbt.plugins.IvyPlugin)))
[debug] Clause(Atom(sbt.ScriptedPlugin),Set(Atom(sbt.plugins.JvmPlugin)))
[debug] Clause(Atom(sbt.plugins.SbtPlugin),Set(Atom(sbt.ScriptedPlugin)))
[debug] Clause(Atom(sbt.plugins.SemanticdbPlugin),Set(Atom(sbt.plugins.JvmPlugin)))
[debug] Clause(Atom(sbt.plugins.JUnitXmlReportPlugin),Set(Atom(sbt.plugins.JvmPlugin)))
[debug] Clause(Atom(sbt.plugins.MiniDependencyTreePlugin),Set(Atom(sbt.plugins.JvmPlugin)))
[debug] Clause(Atom(sbt.plugins.CorePlugin),Set(Atom(sbt.plugins.IvyPlugin)))
[debug] Clause(Atom(sbt.plugins.IvyPlugin),Set(Atom(sbt.plugins.JvmPlugin)))
[debug] Clause(Atom(sbt.plugins.JvmPlugin),Set(Atom(sbt.plugins.SemanticdbPlugin)))
[debug] Clause(Atom(sbt.plugins.JvmPlugin),Set(Atom(sbt.plugins.JUnitXmlReportPlugin)))
[debug] Clause(Atom(sbt.plugins.CorePlugin),Set(Atom(sbt.plugins.Giter8TemplatePlugin)))
[debug] Clause(Atom(sbt.plugins.JvmPlugin),Set(Atom(sbt.plugins.MiniDependencyTreePlugin))))
[debug]   :: deduced result: Matched(sbt.plugins.CorePlugin,sbt.plugins.Giter8TemplatePlugin,sbt.plugins.IvyPlugin,sbt.plugins.JvmPlugin,sbt.plugins.MiniDependencyTreePlugin,sbt.plugins.JUnitXmlReportPlugin,sbt.plugins.SemanticdbPlugin)
[debug] Plugins.deducer#function took 1.2118 ms
[info] loading settings for project lab-06-04 from build.sbt ...
[debug]         Load.resolveProject(lab-06-04) took 2.1048ms
[debug]       Load.loadTransitive: finalizeProject(Project(id lab-06-04, base: C:\Users\1\Desktop\ByhanovMS11\lab-06\lab-06-04, plugins: List(<none>))) took 3.6139ms
[debug] [Loading] Done in C:\Users\1\Desktop\ByhanovMS11\lab-06\lab-06-04, returning: (lab-06-04)
[debug]     Load.loadUnit: loadedProjectsRaw took 1374.4563ms
[debug]     Load.loadUnit: cleanEvalClasses took 6.8758ms
[debug]   Load.loadUnit(file:/C:/Users/1/Desktop/ByhanovMS11/lab-06/lab-06-04/, ...) took 2858.365ms
[debug] Load.apply: load took 2882.2954ms
[debug] Load.apply: resolveProjects took 0.0771ms
[debug] Load.apply: finalTransforms took 3.1492ms
[debug] Load.apply: config.delegates took 0.165ms
[debug] Load.apply: Def.make(settings)... took 60.8725ms
[debug] Load.apply: structureIndex took 12.875ms
[debug] Load.apply: mkStreams took 0.0018ms
[info] set current project to lab6-scala (in build file:/C:/Users/1/Desktop/ByhanovMS11/lab-06/lab-06-04/)
[debug] > Exec(sbtPopOnFailure, None, None)
[debug] > Exec(resumeFromFailure, None, None)
[debug] > Exec(notifyUsersAboutShell, None, None)
[debug] > Exec(iflast shell, None, None)
[debug] > Exec(shell, None, None)
[info] sbt server started at local:sbt-server-13d12084a4ab976d0abd
[debug] Writing bsp connection file
[info] started sbt server
